2018-12-08 23:41:25 DEBUG CustomLogger: - Getting data from test properties file: selenium.webdriver
2018-12-08 23:41:25 DEBUG CustomLogger: - Creating new chrome instance
2018-12-08 23:41:27 DEBUG RequestAddCookies: - CookieSpec selected: default
2018-12-08 23:41:27 DEBUG RequestAuthCache: - Auth cache not set in the context
2018-12-08 23:41:27 DEBUG PoolingHttpClientConnectionManager: - Connection request: [route: {}->http://localhost:24641][total kept alive: 0; route allocated: 0 of 2000; total allocated: 0 of 2000]
2018-12-08 23:41:27 DEBUG PoolingHttpClientConnectionManager: - Connection leased: [id: 0][route: {}->http://localhost:24641][total kept alive: 0; route allocated: 1 of 2000; total allocated: 1 of 2000]
2018-12-08 23:41:27 DEBUG MainClientExec: - Opening connection {}->http://localhost:24641
2018-12-08 23:41:27 DEBUG DefaultHttpClientConnectionOperator: - Connecting to localhost/127.0.0.1:24641
2018-12-08 23:41:27 DEBUG DefaultHttpClientConnectionOperator: - Connection established 127.0.0.1:54813<->127.0.0.1:24641
2018-12-08 23:41:27 DEBUG DefaultManagedHttpClientConnection: - http-outgoing-0: set socket timeout to 10800000
2018-12-08 23:41:27 DEBUG MainClientExec: - Executing request POST /session HTTP/1.1
2018-12-08 23:41:27 DEBUG MainClientExec: - Target auth state: UNCHALLENGED
2018-12-08 23:41:27 DEBUG MainClientExec: - Proxy auth state: UNCHALLENGED
2018-12-08 23:41:27 DEBUG headers: - http-outgoing-0 >> POST /session HTTP/1.1
2018-12-08 23:41:27 DEBUG headers: - http-outgoing-0 >> Content-Type: application/json; charset=utf-8
2018-12-08 23:41:27 DEBUG headers: - http-outgoing-0 >> Content-Length: 550
2018-12-08 23:41:27 DEBUG headers: - http-outgoing-0 >> Host: localhost:24641
2018-12-08 23:41:27 DEBUG headers: - http-outgoing-0 >> Connection: Keep-Alive
2018-12-08 23:41:27 DEBUG headers: - http-outgoing-0 >> User-Agent: Apache-HttpClient/4.5.3 (Java/1.8.0_144)
2018-12-08 23:41:27 DEBUG headers: - http-outgoing-0 >> Accept-Encoding: gzip,deflate
2018-12-08 23:41:27 DEBUG wire: - http-outgoing-0 >> "POST /session HTTP/1.1[\r][\n]"
2018-12-08 23:41:27 DEBUG wire: - http-outgoing-0 >> "Content-Type: application/json; charset=utf-8[\r][\n]"
2018-12-08 23:41:27 DEBUG wire: - http-outgoing-0 >> "Content-Length: 550[\r][\n]"
2018-12-08 23:41:27 DEBUG wire: - http-outgoing-0 >> "Host: localhost:24641[\r][\n]"
2018-12-08 23:41:27 DEBUG wire: - http-outgoing-0 >> "Connection: Keep-Alive[\r][\n]"
2018-12-08 23:41:27 DEBUG wire: - http-outgoing-0 >> "User-Agent: Apache-HttpClient/4.5.3 (Java/1.8.0_144)[\r][\n]"
2018-12-08 23:41:27 DEBUG wire: - http-outgoing-0 >> "Accept-Encoding: gzip,deflate[\r][\n]"
2018-12-08 23:41:27 DEBUG wire: - http-outgoing-0 >> "[\r][\n]"
2018-12-08 23:41:27 DEBUG wire: - http-outgoing-0 >> "{[\n]"
2018-12-08 23:41:27 DEBUG wire: - http-outgoing-0 >> "  "desiredCapabilities": {[\n]"
2018-12-08 23:41:27 DEBUG wire: - http-outgoing-0 >> "    "browserName": "chrome",[\n]"
2018-12-08 23:41:27 DEBUG wire: - http-outgoing-0 >> "    "chromeOptions": {[\n]"
2018-12-08 23:41:27 DEBUG wire: - http-outgoing-0 >> "      "args": [],[\n]"
2018-12-08 23:41:27 DEBUG wire: - http-outgoing-0 >> "      "extensions": [][\n]"
2018-12-08 23:41:27 DEBUG wire: - http-outgoing-0 >> "    },[\n]"
2018-12-08 23:41:27 DEBUG wire: - http-outgoing-0 >> "    "version": "",[\n]"
2018-12-08 23:41:27 DEBUG wire: - http-outgoing-0 >> "    "platform": "ANY"[\n]"
2018-12-08 23:41:27 DEBUG wire: - http-outgoing-0 >> "  },[\n]"
2018-12-08 23:41:27 DEBUG wire: - http-outgoing-0 >> "  "requiredCapabilities": {},[\n]"
2018-12-08 23:41:27 DEBUG wire: - http-outgoing-0 >> "  "capabilities": {[\n]"
2018-12-08 23:41:27 DEBUG wire: - http-outgoing-0 >> "    "desiredCapabilities": {[\n]"
2018-12-08 23:41:27 DEBUG wire: - http-outgoing-0 >> "      "browserName": "chrome",[\n]"
2018-12-08 23:41:27 DEBUG wire: - http-outgoing-0 >> "      "chromeOptions": {[\n]"
2018-12-08 23:41:27 DEBUG wire: - http-outgoing-0 >> "        "args": [],[\n]"
2018-12-08 23:41:27 DEBUG wire: - http-outgoing-0 >> "        "extensions": [][\n]"
2018-12-08 23:41:27 DEBUG wire: - http-outgoing-0 >> "      },[\n]"
2018-12-08 23:41:27 DEBUG wire: - http-outgoing-0 >> "      "version": "",[\n]"
2018-12-08 23:41:27 DEBUG wire: - http-outgoing-0 >> "      "platform": "ANY"[\n]"
2018-12-08 23:41:27 DEBUG wire: - http-outgoing-0 >> "    },[\n]"
2018-12-08 23:41:27 DEBUG wire: - http-outgoing-0 >> "    "requiredCapabilities": {},[\n]"
2018-12-08 23:41:27 DEBUG wire: - http-outgoing-0 >> "    "alwaysMatch": {},[\n]"
2018-12-08 23:41:27 DEBUG wire: - http-outgoing-0 >> "    "firstMatch": [[\n]"
2018-12-08 23:41:27 DEBUG wire: - http-outgoing-0 >> "      {[\n]"
2018-12-08 23:41:27 DEBUG wire: - http-outgoing-0 >> "        "browserName": "chrome"[\n]"
2018-12-08 23:41:27 DEBUG wire: - http-outgoing-0 >> "      }[\n]"
2018-12-08 23:41:27 DEBUG wire: - http-outgoing-0 >> "    ][\n]"
2018-12-08 23:41:27 DEBUG wire: - http-outgoing-0 >> "  }[\n]"
2018-12-08 23:41:27 DEBUG wire: - http-outgoing-0 >> "}"
2018-12-08 23:41:30 DEBUG wire: - http-outgoing-0 << "HTTP/1.1 200 OK[\r][\n]"
2018-12-08 23:41:30 DEBUG wire: - http-outgoing-0 << "Content-Length:893[\r][\n]"
2018-12-08 23:41:30 DEBUG wire: - http-outgoing-0 << "Content-Type:application/json; charset=utf-8[\r][\n]"
2018-12-08 23:41:30 DEBUG wire: - http-outgoing-0 << "[\r][\n]"
2018-12-08 23:41:30 DEBUG wire: - http-outgoing-0 << "{"sessionId":"5ed45ca2abd889efe62870d5b7070259","status":0,"value":{"acceptInsecureCerts":false,"acceptSslCerts":false,"applicationCacheEnabled":false,"browserConnectionEnabled":false,"browserName":"chrome","chrome":{"chromedriverVersion":"2.44.609538 (b655c5a60b0b544917107a59d4153d4bf78e1b90)","userDataDir":"C:\\Users\\Szefu\\AppData\\Local\\Temp\\scoped_dir8832_17802"},"cssSelectorsEnabled":true,"databaseEnabled":false,"goog:chromeOptions":{"debuggerAddress":"localhost:54814"},"handlesAlerts":true,"hasTouchScreen":false,"javascriptEnabled":true,"locationContextEnabled":true,"mobileEmulationEnabled":false,"nativeEvents":true,"networkConnectionEnabled":false,"pageLoadStrategy":"normal","platform":"Windows NT","rotatable":false,"setWindowRect":true,"takesHeapSnapshot":true,"takesScreenshot":true,"unexpectedAlertBehaviour":"ignore","version":"71.0.3578.80","webStorageEnabled":true}}"
2018-12-08 23:41:30 DEBUG headers: - http-outgoing-0 << HTTP/1.1 200 OK
2018-12-08 23:41:30 DEBUG headers: - http-outgoing-0 << Content-Length:893
2018-12-08 23:41:30 DEBUG headers: - http-outgoing-0 << Content-Type:application/json; charset=utf-8
2018-12-08 23:41:30 DEBUG MainClientExec: - Connection can be kept alive indefinitely
2018-12-08 23:41:30 DEBUG PoolingHttpClientConnectionManager: - Connection [id: 0][route: {}->http://localhost:24641] can be kept alive indefinitely
2018-12-08 23:41:30 DEBUG PoolingHttpClientConnectionManager: - Connection released: [id: 0][route: {}->http://localhost:24641][total kept alive: 1; route allocated: 1 of 2000; total allocated: 1 of 2000]
2018-12-08 23:41:30 DEBUG CustomLogger: - Maximizing browser window
2018-12-08 23:41:30 DEBUG RequestAddCookies: - CookieSpec selected: default
2018-12-08 23:41:30 DEBUG RequestAuthCache: - Auth cache not set in the context
2018-12-08 23:41:30 DEBUG PoolingHttpClientConnectionManager: - Connection request: [route: {}->http://localhost:24641][total kept alive: 1; route allocated: 1 of 2000; total allocated: 1 of 2000]
2018-12-08 23:41:30 DEBUG PoolingHttpClientConnectionManager: - Connection leased: [id: 0][route: {}->http://localhost:24641][total kept alive: 0; route allocated: 1 of 2000; total allocated: 1 of 2000]
2018-12-08 23:41:30 DEBUG MainClientExec: - Stale connection check
2018-12-08 23:41:30 DEBUG wire: - http-outgoing-0 << "[read] I/O error: Read timed out"
2018-12-08 23:41:30 DEBUG DefaultManagedHttpClientConnection: - http-outgoing-0: set socket timeout to 10800000
2018-12-08 23:41:30 DEBUG MainClientExec: - Executing request POST /session/5ed45ca2abd889efe62870d5b7070259/window/current/maximize HTTP/1.1
2018-12-08 23:41:30 DEBUG MainClientExec: - Target auth state: UNCHALLENGED
2018-12-08 23:41:30 DEBUG MainClientExec: - Proxy auth state: UNCHALLENGED
2018-12-08 23:41:30 DEBUG headers: - http-outgoing-0 >> POST /session/5ed45ca2abd889efe62870d5b7070259/window/current/maximize HTTP/1.1
2018-12-08 23:41:30 DEBUG headers: - http-outgoing-0 >> Content-Type: application/json; charset=utf-8
2018-12-08 23:41:30 DEBUG headers: - http-outgoing-0 >> Content-Length: 45
2018-12-08 23:41:30 DEBUG headers: - http-outgoing-0 >> Host: localhost:24641
2018-12-08 23:41:30 DEBUG headers: - http-outgoing-0 >> Connection: Keep-Alive
2018-12-08 23:41:30 DEBUG headers: - http-outgoing-0 >> User-Agent: Apache-HttpClient/4.5.3 (Java/1.8.0_144)
2018-12-08 23:41:30 DEBUG headers: - http-outgoing-0 >> Accept-Encoding: gzip,deflate
2018-12-08 23:41:30 DEBUG wire: - http-outgoing-0 >> "POST /session/5ed45ca2abd889efe62870d5b7070259/window/current/maximize HTTP/1.1[\r][\n]"
2018-12-08 23:41:30 DEBUG wire: - http-outgoing-0 >> "Content-Type: application/json; charset=utf-8[\r][\n]"
2018-12-08 23:41:30 DEBUG wire: - http-outgoing-0 >> "Content-Length: 45[\r][\n]"
2018-12-08 23:41:30 DEBUG wire: - http-outgoing-0 >> "Host: localhost:24641[\r][\n]"
2018-12-08 23:41:30 DEBUG wire: - http-outgoing-0 >> "Connection: Keep-Alive[\r][\n]"
2018-12-08 23:41:30 DEBUG wire: - http-outgoing-0 >> "User-Agent: Apache-HttpClient/4.5.3 (Java/1.8.0_144)[\r][\n]"
2018-12-08 23:41:30 DEBUG wire: - http-outgoing-0 >> "Accept-Encoding: gzip,deflate[\r][\n]"
2018-12-08 23:41:30 DEBUG wire: - http-outgoing-0 >> "[\r][\n]"
2018-12-08 23:41:30 DEBUG wire: - http-outgoing-0 >> "{"windowHandle":"current","handle":"current"}"
2018-12-08 23:41:31 DEBUG wire: - http-outgoing-0 << "HTTP/1.1 200 OK[\r][\n]"
2018-12-08 23:41:31 DEBUG wire: - http-outgoing-0 << "Content-Length:110[\r][\n]"
2018-12-08 23:41:31 DEBUG wire: - http-outgoing-0 << "Content-Type:application/json; charset=utf-8[\r][\n]"
2018-12-08 23:41:31 DEBUG wire: - http-outgoing-0 << "[\r][\n]"
2018-12-08 23:41:31 DEBUG wire: - http-outgoing-0 << "{"sessionId":"5ed45ca2abd889efe62870d5b7070259","status":0,"value":{"height":1056,"width":1936,"x":-8,"y":-8}}"
2018-12-08 23:41:31 DEBUG headers: - http-outgoing-0 << HTTP/1.1 200 OK
2018-12-08 23:41:31 DEBUG headers: - http-outgoing-0 << Content-Length:110
2018-12-08 23:41:31 DEBUG headers: - http-outgoing-0 << Content-Type:application/json; charset=utf-8
2018-12-08 23:41:31 DEBUG MainClientExec: - Connection can be kept alive indefinitely
2018-12-08 23:41:31 DEBUG PoolingHttpClientConnectionManager: - Connection [id: 0][route: {}->http://localhost:24641] can be kept alive indefinitely
2018-12-08 23:41:31 DEBUG PoolingHttpClientConnectionManager: - Connection released: [id: 0][route: {}->http://localhost:24641][total kept alive: 1; route allocated: 1 of 2000; total allocated: 1 of 2000]
2018-12-08 23:41:31 INFO  CustomLogger: - BEFORE TEST STEP: Navigating to Allegro Home Page
2018-12-08 23:41:31 INFO  CustomLogger: - 0
2018-12-08 23:41:31 INFO  CustomLogger: - 1
2018-12-08 23:41:31 INFO  CustomLogger: - 2
2018-12-08 23:41:31 INFO  CustomLogger: - 3
2018-12-08 23:41:31 INFO  CustomLogger: - 4
2018-12-08 23:41:31 INFO  CustomLogger: - 5
2018-12-08 23:41:31 INFO  CustomLogger: - 6
2018-12-08 23:41:31 INFO  CustomLogger: - 7
2018-12-08 23:41:31 INFO  CustomLogger: - 8
2018-12-08 23:41:31 INFO  CustomLogger: - 9
2018-12-08 23:41:31 INFO  CustomLogger: - 10
2018-12-08 23:41:31 INFO  CustomLogger: - 11
2018-12-08 23:41:31 INFO  CustomLogger: - 12
2018-12-08 23:41:31 INFO  CustomLogger: - 13
2018-12-08 23:41:31 INFO  CustomLogger: - 14
2018-12-08 23:41:31 INFO  CustomLogger: - 15
2018-12-08 23:41:31 INFO  CustomLogger: - 16
2018-12-08 23:41:31 INFO  CustomLogger: - 17
2018-12-08 23:41:31 INFO  CustomLogger: - 18
2018-12-08 23:41:31 INFO  CustomLogger: - 19
2018-12-08 23:41:31 INFO  CustomLogger: - 20
2018-12-08 23:41:31 INFO  CustomLogger: - 21
2018-12-08 23:41:31 INFO  CustomLogger: - 22
2018-12-08 23:41:31 INFO  CustomLogger: - 23
2018-12-08 23:41:31 INFO  CustomLogger: - 24
2018-12-08 23:41:31 INFO  CustomLogger: - 25
2018-12-08 23:41:31 INFO  CustomLogger: - 26
2018-12-08 23:41:31 INFO  CustomLogger: - 27
2018-12-08 23:41:31 INFO  CustomLogger: - 28
2018-12-08 23:41:31 INFO  CustomLogger: - 29
2018-12-08 23:41:31 INFO  CustomLogger: - 30
2018-12-08 23:41:31 INFO  CustomLogger: - 31
2018-12-08 23:41:31 INFO  CustomLogger: - 32
2018-12-08 23:41:31 INFO  CustomLogger: - 33
2018-12-08 23:41:31 INFO  CustomLogger: - 34
2018-12-08 23:41:31 INFO  CustomLogger: - 35
2018-12-08 23:41:31 INFO  CustomLogger: - 36
2018-12-08 23:41:31 INFO  CustomLogger: - 37
2018-12-08 23:41:31 INFO  CustomLogger: - 38
2018-12-08 23:41:31 INFO  CustomLogger: - 39
2018-12-08 23:41:31 INFO  CustomLogger: - 40
2018-12-08 23:41:31 INFO  CustomLogger: - 41
2018-12-08 23:41:31 INFO  CustomLogger: - 42
2018-12-08 23:41:31 INFO  CustomLogger: - 43
2018-12-08 23:41:31 INFO  CustomLogger: - 44
2018-12-08 23:41:31 INFO  CustomLogger: - 45
2018-12-08 23:41:31 INFO  CustomLogger: - 46
2018-12-08 23:41:31 INFO  CustomLogger: - 47
2018-12-08 23:41:31 INFO  CustomLogger: - 48
2018-12-08 23:41:31 INFO  CustomLogger: - 49
2018-12-08 23:41:31 INFO  CustomLogger: - 50
2018-12-08 23:41:31 INFO  CustomLogger: - 51
2018-12-08 23:41:31 INFO  CustomLogger: - 52
2018-12-08 23:41:31 INFO  CustomLogger: - 53
2018-12-08 23:41:31 INFO  CustomLogger: - 54
2018-12-08 23:41:31 INFO  CustomLogger: - 55
2018-12-08 23:41:31 INFO  CustomLogger: - 56
2018-12-08 23:41:31 INFO  CustomLogger: - 57
2018-12-08 23:41:31 INFO  CustomLogger: - 58
2018-12-08 23:41:31 INFO  CustomLogger: - 59
2018-12-08 23:41:31 INFO  CustomLogger: - 60
2018-12-08 23:41:31 INFO  CustomLogger: - 61
2018-12-08 23:41:31 INFO  CustomLogger: - 62
2018-12-08 23:41:31 INFO  CustomLogger: - 63
2018-12-08 23:41:31 INFO  CustomLogger: - 64
2018-12-08 23:41:31 INFO  CustomLogger: - 65
2018-12-08 23:41:31 INFO  CustomLogger: - 66
2018-12-08 23:41:31 INFO  CustomLogger: - 67
2018-12-08 23:41:31 INFO  CustomLogger: - 68
2018-12-08 23:41:31 INFO  CustomLogger: - 69
2018-12-08 23:41:31 INFO  CustomLogger: - 70
2018-12-08 23:41:31 INFO  CustomLogger: - 71
2018-12-08 23:41:31 INFO  CustomLogger: - 72
2018-12-08 23:41:31 INFO  CustomLogger: - 73
2018-12-08 23:41:31 INFO  CustomLogger: - 74
2018-12-08 23:41:31 INFO  CustomLogger: - 75
2018-12-08 23:41:31 INFO  CustomLogger: - 76
2018-12-08 23:41:31 INFO  CustomLogger: - 77
2018-12-08 23:41:31 INFO  CustomLogger: - 78
2018-12-08 23:41:31 INFO  CustomLogger: - 79
2018-12-08 23:41:31 INFO  CustomLogger: - 80
2018-12-08 23:41:31 INFO  CustomLogger: - 81
2018-12-08 23:41:31 INFO  CustomLogger: - 82
2018-12-08 23:41:31 INFO  CustomLogger: - 83
2018-12-08 23:41:31 INFO  CustomLogger: - 84
2018-12-08 23:41:31 INFO  CustomLogger: - 85
2018-12-08 23:41:31 INFO  CustomLogger: - 86
2018-12-08 23:41:31 INFO  CustomLogger: - 87
2018-12-08 23:41:31 INFO  CustomLogger: - 88
2018-12-08 23:41:31 INFO  CustomLogger: - 89
2018-12-08 23:41:31 INFO  CustomLogger: - 90
2018-12-08 23:41:31 INFO  CustomLogger: - 91
2018-12-08 23:41:31 INFO  CustomLogger: - 92
2018-12-08 23:41:31 INFO  CustomLogger: - 93
2018-12-08 23:41:31 INFO  CustomLogger: - 94
2018-12-08 23:41:31 INFO  CustomLogger: - 95
2018-12-08 23:41:31 INFO  CustomLogger: - 96
2018-12-08 23:41:31 INFO  CustomLogger: - 97
2018-12-08 23:41:31 INFO  CustomLogger: - 98
2018-12-08 23:41:31 INFO  CustomLogger: - 99
2018-12-08 23:41:31 DEBUG CustomLogger: - Closing WebDriver
2018-12-08 23:41:31 DEBUG RequestAddCookies: - CookieSpec selected: default
2018-12-08 23:41:31 DEBUG RequestAuthCache: - Auth cache not set in the context
2018-12-08 23:41:31 DEBUG PoolingHttpClientConnectionManager: - Connection request: [route: {}->http://localhost:24641][total kept alive: 1; route allocated: 1 of 2000; total allocated: 1 of 2000]
2018-12-08 23:41:31 DEBUG PoolingHttpClientConnectionManager: - Connection leased: [id: 0][route: {}->http://localhost:24641][total kept alive: 0; route allocated: 1 of 2000; total allocated: 1 of 2000]
2018-12-08 23:41:31 DEBUG MainClientExec: - Stale connection check
2018-12-08 23:41:31 DEBUG wire: - http-outgoing-0 << "[read] I/O error: Read timed out"
2018-12-08 23:41:31 DEBUG DefaultManagedHttpClientConnection: - http-outgoing-0: set socket timeout to 10800000
2018-12-08 23:41:31 DEBUG MainClientExec: - Executing request DELETE /session/5ed45ca2abd889efe62870d5b7070259/window HTTP/1.1
2018-12-08 23:41:31 DEBUG MainClientExec: - Target auth state: UNCHALLENGED
2018-12-08 23:41:31 DEBUG MainClientExec: - Proxy auth state: UNCHALLENGED
2018-12-08 23:41:31 DEBUG headers: - http-outgoing-0 >> DELETE /session/5ed45ca2abd889efe62870d5b7070259/window HTTP/1.1
2018-12-08 23:41:31 DEBUG headers: - http-outgoing-0 >> Host: localhost:24641
2018-12-08 23:41:31 DEBUG headers: - http-outgoing-0 >> Connection: Keep-Alive
2018-12-08 23:41:31 DEBUG headers: - http-outgoing-0 >> User-Agent: Apache-HttpClient/4.5.3 (Java/1.8.0_144)
2018-12-08 23:41:31 DEBUG headers: - http-outgoing-0 >> Accept-Encoding: gzip,deflate
2018-12-08 23:41:31 DEBUG wire: - http-outgoing-0 >> "DELETE /session/5ed45ca2abd889efe62870d5b7070259/window HTTP/1.1[\r][\n]"
2018-12-08 23:41:31 DEBUG wire: - http-outgoing-0 >> "Host: localhost:24641[\r][\n]"
2018-12-08 23:41:31 DEBUG wire: - http-outgoing-0 >> "Connection: Keep-Alive[\r][\n]"
2018-12-08 23:41:31 DEBUG wire: - http-outgoing-0 >> "User-Agent: Apache-HttpClient/4.5.3 (Java/1.8.0_144)[\r][\n]"
2018-12-08 23:41:31 DEBUG wire: - http-outgoing-0 >> "Accept-Encoding: gzip,deflate[\r][\n]"
2018-12-08 23:41:31 DEBUG wire: - http-outgoing-0 >> "[\r][\n]"
2018-12-08 23:41:31 DEBUG wire: - http-outgoing-0 << "HTTP/1.1 200 OK[\r][\n]"
2018-12-08 23:41:31 DEBUG wire: - http-outgoing-0 << "Content-Length:70[\r][\n]"
2018-12-08 23:41:31 DEBUG wire: - http-outgoing-0 << "Content-Type:application/json; charset=utf-8[\r][\n]"
2018-12-08 23:41:31 DEBUG wire: - http-outgoing-0 << "[\r][\n]"
2018-12-08 23:41:31 DEBUG wire: - http-outgoing-0 << "{"sessionId":"5ed45ca2abd889efe62870d5b7070259","status":0,"value":[]}"
2018-12-08 23:41:31 DEBUG headers: - http-outgoing-0 << HTTP/1.1 200 OK
2018-12-08 23:41:31 DEBUG headers: - http-outgoing-0 << Content-Length:70
2018-12-08 23:41:31 DEBUG headers: - http-outgoing-0 << Content-Type:application/json; charset=utf-8
2018-12-08 23:41:31 DEBUG MainClientExec: - Connection can be kept alive indefinitely
2018-12-08 23:41:31 DEBUG PoolingHttpClientConnectionManager: - Connection [id: 0][route: {}->http://localhost:24641] can be kept alive indefinitely
2018-12-08 23:41:31 DEBUG PoolingHttpClientConnectionManager: - Connection released: [id: 0][route: {}->http://localhost:24641][total kept alive: 1; route allocated: 1 of 2000; total allocated: 1 of 2000]
2018-12-08 23:41:31 DEBUG RequestAddCookies: - CookieSpec selected: default
2018-12-08 23:41:31 DEBUG RequestAuthCache: - Auth cache not set in the context
2018-12-08 23:41:31 DEBUG PoolingHttpClientConnectionManager: - Connection request: [route: {}->http://localhost:24641][total kept alive: 1; route allocated: 1 of 2000; total allocated: 1 of 2000]
2018-12-08 23:41:31 DEBUG PoolingHttpClientConnectionManager: - Connection leased: [id: 0][route: {}->http://localhost:24641][total kept alive: 0; route allocated: 1 of 2000; total allocated: 1 of 2000]
2018-12-08 23:41:31 DEBUG MainClientExec: - Stale connection check
2018-12-08 23:41:31 DEBUG wire: - http-outgoing-0 << "[read] I/O error: Read timed out"
2018-12-08 23:41:31 DEBUG DefaultManagedHttpClientConnection: - http-outgoing-0: set socket timeout to 10800000
2018-12-08 23:41:31 DEBUG MainClientExec: - Executing request DELETE /session/5ed45ca2abd889efe62870d5b7070259 HTTP/1.1
2018-12-08 23:41:31 DEBUG MainClientExec: - Target auth state: UNCHALLENGED
2018-12-08 23:41:31 DEBUG MainClientExec: - Proxy auth state: UNCHALLENGED
2018-12-08 23:41:31 DEBUG headers: - http-outgoing-0 >> DELETE /session/5ed45ca2abd889efe62870d5b7070259 HTTP/1.1
2018-12-08 23:41:31 DEBUG headers: - http-outgoing-0 >> Host: localhost:24641
2018-12-08 23:41:31 DEBUG headers: - http-outgoing-0 >> Connection: Keep-Alive
2018-12-08 23:41:31 DEBUG headers: - http-outgoing-0 >> User-Agent: Apache-HttpClient/4.5.3 (Java/1.8.0_144)
2018-12-08 23:41:31 DEBUG headers: - http-outgoing-0 >> Accept-Encoding: gzip,deflate
2018-12-08 23:41:31 DEBUG wire: - http-outgoing-0 >> "DELETE /session/5ed45ca2abd889efe62870d5b7070259 HTTP/1.1[\r][\n]"
2018-12-08 23:41:31 DEBUG wire: - http-outgoing-0 >> "Host: localhost:24641[\r][\n]"
2018-12-08 23:41:31 DEBUG wire: - http-outgoing-0 >> "Connection: Keep-Alive[\r][\n]"
2018-12-08 23:41:31 DEBUG wire: - http-outgoing-0 >> "User-Agent: Apache-HttpClient/4.5.3 (Java/1.8.0_144)[\r][\n]"
2018-12-08 23:41:31 DEBUG wire: - http-outgoing-0 >> "Accept-Encoding: gzip,deflate[\r][\n]"
2018-12-08 23:41:31 DEBUG wire: - http-outgoing-0 >> "[\r][\n]"
2018-12-08 23:41:31 DEBUG wire: - http-outgoing-0 << "HTTP/1.1 200 OK[\r][\n]"
2018-12-08 23:41:31 DEBUG wire: - http-outgoing-0 << "Content-Length:40[\r][\n]"
2018-12-08 23:41:31 DEBUG wire: - http-outgoing-0 << "Content-Type:application/json; charset=utf-8[\r][\n]"
2018-12-08 23:41:31 DEBUG wire: - http-outgoing-0 << "[\r][\n]"
2018-12-08 23:41:31 DEBUG wire: - http-outgoing-0 << "{"sessionId":"","status":0,"value":null}"
2018-12-08 23:41:31 DEBUG headers: - http-outgoing-0 << HTTP/1.1 200 OK
2018-12-08 23:41:31 DEBUG headers: - http-outgoing-0 << Content-Length:40
2018-12-08 23:41:31 DEBUG headers: - http-outgoing-0 << Content-Type:application/json; charset=utf-8
2018-12-08 23:41:31 DEBUG MainClientExec: - Connection can be kept alive indefinitely
2018-12-08 23:41:31 DEBUG PoolingHttpClientConnectionManager: - Connection [id: 0][route: {}->http://localhost:24641] can be kept alive indefinitely
2018-12-08 23:41:31 DEBUG PoolingHttpClientConnectionManager: - Connection released: [id: 0][route: {}->http://localhost:24641][total kept alive: 1; route allocated: 1 of 2000; total allocated: 1 of 2000]
2018-12-08 23:41:31 DEBUG PoolingHttpClientConnectionManager: - Closing connections idle longer than 0 SECONDS
2018-12-08 23:41:31 DEBUG DefaultManagedHttpClientConnection: - http-outgoing-0: Close connection
2018-12-08 23:42:51 INFO  CustomLogger: - BEFORE TEST STEP: Navigating to Allegro Home Page
2018-12-08 23:42:51 INFO  CustomLogger: - 0
2018-12-08 23:42:51 INFO  CustomLogger: - 1
2018-12-08 23:42:51 INFO  CustomLogger: - 2
2018-12-08 23:42:51 INFO  CustomLogger: - 3
2018-12-08 23:42:51 INFO  CustomLogger: - 4
2018-12-08 23:42:51 INFO  CustomLogger: - 5
2018-12-08 23:42:51 INFO  CustomLogger: - 6
2018-12-08 23:42:51 INFO  CustomLogger: - 7
2018-12-08 23:42:51 INFO  CustomLogger: - 8
2018-12-08 23:42:51 INFO  CustomLogger: - 9
2018-12-08 23:42:51 INFO  CustomLogger: - 10
2018-12-08 23:42:51 INFO  CustomLogger: - 11
2018-12-08 23:42:51 INFO  CustomLogger: - 12
2018-12-08 23:42:51 INFO  CustomLogger: - 13
2018-12-08 23:42:51 INFO  CustomLogger: - 14
2018-12-08 23:42:51 INFO  CustomLogger: - 15
2018-12-08 23:42:51 INFO  CustomLogger: - 16
2018-12-08 23:42:51 INFO  CustomLogger: - 17
2018-12-08 23:42:51 INFO  CustomLogger: - 18
2018-12-08 23:42:51 INFO  CustomLogger: - 19
2018-12-08 23:42:51 INFO  CustomLogger: - 20
2018-12-08 23:42:51 INFO  CustomLogger: - 21
2018-12-08 23:42:51 INFO  CustomLogger: - 22
2018-12-08 23:42:51 INFO  CustomLogger: - 23
2018-12-08 23:42:51 INFO  CustomLogger: - 24
2018-12-08 23:42:51 INFO  CustomLogger: - 25
2018-12-08 23:42:51 INFO  CustomLogger: - 26
2018-12-08 23:42:51 INFO  CustomLogger: - 27
2018-12-08 23:42:51 INFO  CustomLogger: - 28
2018-12-08 23:42:51 INFO  CustomLogger: - 29
2018-12-08 23:42:51 INFO  CustomLogger: - 30
2018-12-08 23:42:51 INFO  CustomLogger: - 31
2018-12-08 23:42:51 INFO  CustomLogger: - 32
2018-12-08 23:42:51 INFO  CustomLogger: - 33
2018-12-08 23:42:51 INFO  CustomLogger: - 34
2018-12-08 23:42:51 INFO  CustomLogger: - 35
2018-12-08 23:42:51 INFO  CustomLogger: - 36
2018-12-08 23:42:51 INFO  CustomLogger: - 37
2018-12-08 23:42:51 INFO  CustomLogger: - 38
2018-12-08 23:42:51 INFO  CustomLogger: - 39
2018-12-08 23:42:51 INFO  CustomLogger: - 40
2018-12-08 23:42:51 INFO  CustomLogger: - 41
2018-12-08 23:42:51 INFO  CustomLogger: - 42
2018-12-08 23:42:51 INFO  CustomLogger: - 43
2018-12-08 23:42:51 INFO  CustomLogger: - 44
2018-12-08 23:42:51 INFO  CustomLogger: - 45
2018-12-08 23:42:51 INFO  CustomLogger: - 46
2018-12-08 23:42:51 INFO  CustomLogger: - 47
2018-12-08 23:42:51 INFO  CustomLogger: - 48
2018-12-08 23:42:51 INFO  CustomLogger: - 49
2018-12-08 23:42:51 INFO  CustomLogger: - 50
2018-12-08 23:42:51 INFO  CustomLogger: - 51
2018-12-08 23:42:51 INFO  CustomLogger: - 52
2018-12-08 23:42:51 INFO  CustomLogger: - 53
2018-12-08 23:42:51 INFO  CustomLogger: - 54
2018-12-08 23:42:51 INFO  CustomLogger: - 55
2018-12-08 23:42:51 INFO  CustomLogger: - 56
2018-12-08 23:42:51 INFO  CustomLogger: - 57
2018-12-08 23:42:51 INFO  CustomLogger: - 58
2018-12-08 23:42:51 INFO  CustomLogger: - 59
2018-12-08 23:42:51 INFO  CustomLogger: - 60
2018-12-08 23:42:51 INFO  CustomLogger: - 61
2018-12-08 23:42:51 INFO  CustomLogger: - 62
2018-12-08 23:42:51 INFO  CustomLogger: - 63
2018-12-08 23:42:51 INFO  CustomLogger: - 64
2018-12-08 23:42:51 INFO  CustomLogger: - 65
2018-12-08 23:42:51 INFO  CustomLogger: - 66
2018-12-08 23:42:51 INFO  CustomLogger: - 67
2018-12-08 23:42:51 INFO  CustomLogger: - 68
2018-12-08 23:42:51 INFO  CustomLogger: - 69
2018-12-08 23:42:51 INFO  CustomLogger: - 70
2018-12-08 23:42:51 INFO  CustomLogger: - 71
2018-12-08 23:42:51 INFO  CustomLogger: - 72
2018-12-08 23:42:51 INFO  CustomLogger: - 73
2018-12-08 23:42:51 INFO  CustomLogger: - 74
2018-12-08 23:42:51 INFO  CustomLogger: - 75
2018-12-08 23:42:51 INFO  CustomLogger: - 76
2018-12-08 23:42:51 INFO  CustomLogger: - 77
2018-12-08 23:42:51 INFO  CustomLogger: - 78
2018-12-08 23:42:51 INFO  CustomLogger: - 79
2018-12-08 23:42:51 INFO  CustomLogger: - 80
2018-12-08 23:42:51 INFO  CustomLogger: - 81
2018-12-08 23:42:51 INFO  CustomLogger: - 82
2018-12-08 23:42:51 INFO  CustomLogger: - 83
2018-12-08 23:42:51 INFO  CustomLogger: - 84
2018-12-08 23:42:51 INFO  CustomLogger: - 85
2018-12-08 23:42:51 INFO  CustomLogger: - 86
2018-12-08 23:42:51 INFO  CustomLogger: - 87
2018-12-08 23:42:51 INFO  CustomLogger: - 88
2018-12-08 23:42:51 INFO  CustomLogger: - 89
2018-12-08 23:42:51 INFO  CustomLogger: - 90
2018-12-08 23:42:51 INFO  CustomLogger: - 91
2018-12-08 23:42:51 INFO  CustomLogger: - 92
2018-12-08 23:42:51 INFO  CustomLogger: - 93
2018-12-08 23:42:51 INFO  CustomLogger: - 94
2018-12-08 23:42:51 INFO  CustomLogger: - 95
2018-12-08 23:42:51 INFO  CustomLogger: - 96
2018-12-08 23:42:51 INFO  CustomLogger: - 97
2018-12-08 23:42:51 INFO  CustomLogger: - 98
2018-12-08 23:42:51 INFO  CustomLogger: - 99
2018-12-09 12:43:05 DEBUG CustomLogger: - Getting data from test properties file: api.base.url
2018-12-09 12:43:05 DEBUG CustomLogger: - Getting data from test properties file: api.endpoint
2018-12-09 12:43:05 DEBUG CustomLogger: - Getting data from test properties file: api.email
2018-12-09 12:43:05 DEBUG CustomLogger: - Getting data from test properties file: api.zero.size
2018-12-09 12:43:05 DEBUG CustomLogger: - Getting data from test properties file: api.filter.postId
2018-12-09 12:43:05 DEBUG CustomLogger: - Getting data from test properties file: api.filter.text
2018-12-09 12:43:27 INFO  CustomLogger: - BEFORE TEST STEP: Navigating to Allegro Home Page
2018-12-09 12:50:38 DEBUG CustomLogger: - Getting data from test properties file: api.base.url
2018-12-09 12:50:38 DEBUG CustomLogger: - Getting data from test properties file: api.endpoint
2018-12-09 12:50:38 DEBUG CustomLogger: - Getting data from test properties file: api.email
2018-12-09 12:50:38 DEBUG CustomLogger: - Getting data from test properties file: api.zero.size
2018-12-09 12:50:38 DEBUG CustomLogger: - Getting data from test properties file: api.filter.postId
2018-12-09 12:50:38 DEBUG CustomLogger: - Getting data from test properties file: api.filter.text
2018-12-09 12:50:53 INFO  CustomLogger: - BEFORE TEST STEP: Navigating to Allegro Home Page
2018-12-09 12:52:18 DEBUG CustomLogger: - Getting data from test properties file: api.base.url
2018-12-09 12:52:18 DEBUG CustomLogger: - Getting data from test properties file: api.endpoint
2018-12-09 12:52:18 DEBUG CustomLogger: - Getting data from test properties file: api.email
2018-12-09 12:52:18 DEBUG CustomLogger: - Getting data from test properties file: api.zero.size
2018-12-09 12:52:18 DEBUG CustomLogger: - Getting data from test properties file: api.filter.postId
2018-12-09 12:52:18 DEBUG CustomLogger: - Getting data from test properties file: api.filter.text
2018-12-09 12:52:30 INFO  CustomLogger: - BEFORE TEST STEP: Navigating to Allegro Home Page
2018-12-09 12:55:12 DEBUG CustomLogger: - Getting data from test properties file: selenium.webdriver
2018-12-09 12:55:12 DEBUG CustomLogger: - Creating new chrome instance
2018-12-09 12:55:17 DEBUG CustomLogger: - Maximizing browser window
2018-12-09 12:55:18 INFO  CustomLogger: - BEFORE TEST STEP: Navigating to Allegro Home Page
2018-12-09 12:55:18 DEBUG CustomLogger: - Taking screenshotOutputType.FILE
2018-12-09 12:55:19 DEBUG CustomLogger: - Screenshot takenOutputType.FILE
2018-12-09 12:55:19 DEBUG CustomLogger: - Closing WebDriver
